<?xml version="1.0" encoding="UTF-8"?>
<!-- Generated by org.testng.reporters.JUnitXMLReporter -->
<testsuite hostname="DESKTOP-UM3IKH9" ignored="0" name="Surefire test" tests="4" failures="0" timestamp="2020-09-11T12:00:14 COT" time="54.702" errors="0">
  <testcase name="MantenimientodDocSoporteCrearDocumentoCorrecto" time="7.412" classname="testCases.MantenimientoDocSoporteTest"/>
  <testcase name="FiltroporCodigoCorrecto" time="4.663" classname="testCases.MantenimientoDocSoporteTest"/>
  <testcase name="MantenimientodDocSoporteEditarDocumentoCorrecto" time="10.244" classname="testCases.MantenimientoDocSoporteTest"/>
  <testcase name="MantenimientodDocSoporteEliminarCorrecto" time="8.975" classname="testCases.MantenimientoDocSoporteTest"/>
</testsuite> <!-- Surefire test -->
