<?xml version="1.0" encoding="UTF-8"?>
<testsuite xmlns:xsi="http://www.w3.org/2001/XMLSchema-instance" xsi:noNamespaceSchemaLocation="https://maven.apache.org/surefire/maven-surefire-plugin/xsd/surefire-test-report-3.0.xsd" version="3.0" name="testCases.MantenimientoDocSoporteTest" time="55.924" tests="4" errors="0" skipped="0" failures="0">
  <properties>
[...]
</properties>
  <testcase name="MantenimientodDocSoporteCrearDocumentoCorrecto" classname="testCases.MantenimientoDocSoporteTest" time="7.412"/>
  <testcase name="FiltroporCodigoCorrecto" classname="testCases.MantenimientoDocSoporteTest" time="4.663"/>
  <testcase name="MantenimientodDocSoporteEditarDocumentoCorrecto" classname="testCases.MantenimientoDocSoporteTest" time="10.245"/>
  <testcase name="MantenimientodDocSoporteEliminarCorrecto" classname="testCases.MantenimientoDocSoporteTest" time="8.975"/>
</testsuite>